[ 2016-12-17T09:58:27+08:00 ] 127.0.0.1 127.0.0.1 GET /
[ log ] demo/ [运行时间：0.028500s][吞吐率：35.09req/s] [内存消耗：237.66kb] [文件加载：37]
[ info ] [ LANG ] /var/www/buct/thinkphp/lang/zh-cn.php
[ info ] [ ROUTE ] array (
  'type' => 'module',
  'module' => 
  array (
    0 => '',
    1 => NULL,
    2 => NULL,
  ),
)
[ info ] [ HEADER ] array (
  'host' => 'demo',
  'connection' => 'keep-alive',
  'upgrade-insecure-requests' => '1',
  'user-agent' => 'Mozilla/5.0 (X11; Linux x86_64) AppleWebKit/537.36 (KHTML, like Gecko) Chrome/54.0.2840.100 Safari/537.36',
  'accept' => 'text/html,application/xhtml+xml,application/xml;q=0.9,image/webp,*/*;q=0.8',
  'accept-encoding' => 'gzip, deflate, sdch',
  'accept-language' => 'zh-CN,zh;q=0.8',
  'cookie' => 'pgv_pvi=2341133312; PHPSESSID=bbugleo6u7ghoqek178ek91to3; osc_db_config=think%3A%7B%22DB_TYPE%22%3A%22mysql%22%2C%22DB_HOST%22%3A%22127.0.0.1%22%2C%22DB_NAME%22%3A%22osc%22%2C%22DB_USER%22%3A%22root%22%2C%22DB_PWD%22%3A%22123456%22%2C%22DB_PORT%22%3A%223306%22%2C%22DB_PREFIX%22%3A%22osc_%22%7D; pgv_si=s6605969408',
)
[ info ] [ PARAM ] array (
)
[ info ] [ RUN ] Class [ <user> class app\index\controller\Index ] {
  @@ /var/www/buct/application/index/controller/Index.php 4-10

  - Constants [0] {
  }

  - Static properties [0] {
  }

  - Static methods [0] {
  }

  - Properties [0] {
  }

  - Methods [1] {
    Method [ <user> public method index ] {
      @@ /var/www/buct/application/index/controller/Index.php 6 - 9
    }
  }
}

[ info ] [ RUN ] Method [ <user> public method index ] {
  @@ /var/www/buct/application/index/controller/Index.php 6 - 9
}

[ info ] [ LOG ] INIT File

---------------------------------------------------------------
[ 2016-12-17T10:03:59+08:00 ] 127.0.0.1 127.0.0.1 GET /admin/common/login.html
[ log ] buct/admin/common/login.html [运行时间：0.008994s][吞吐率：111.18req/s] [内存消耗：290.59kb] [文件加载：59]
[ info ] [ LANG ] /var/www/buct/thinkphp/lang/zh-cn.php
[ info ] [ ROUTE ] array (
  'type' => 'module',
  'module' => 
  array (
    0 => 'admin',
    1 => 'common',
    2 => 'login',
  ),
)
[ info ] [ HEADER ] array (
  'host' => 'buct',
  'connection' => 'keep-alive',
  'cache-control' => 'max-age=0',
  'upgrade-insecure-requests' => '1',
  'user-agent' => 'Mozilla/5.0 (X11; Linux x86_64) AppleWebKit/537.36 (KHTML, like Gecko) Chrome/54.0.2840.100 Safari/537.36',
  'accept' => 'text/html,application/xhtml+xml,application/xml;q=0.9,image/webp,*/*;q=0.8',
  'accept-encoding' => 'gzip, deflate, sdch',
  'accept-language' => 'zh-CN,zh;q=0.8',
  'cookie' => 'thinkphp_show_page_trace=0|0; pgv_pvi=2379862016; pgv_si=s2344962048; thinkphp_show_page_trace=0|0; PHPSESSID=s4cu952o231dilkgg3dlnrngb6',
)
[ info ] [ PARAM ] array (
)
[ info ] [ RUN ] Class [ <user> class app\admin\controller\Common extends think\Controller ] {
  @@ /var/www/buct/application/admin/controller/Common.php 18-173

  - Constants [0] {
  }

  - Static properties [0] {
  }

  - Static methods [0] {
  }

  - Properties [5] {
    Property [ <default> protected $view ]
    Property [ <default> protected $request ]
    Property [ <default> protected $failException ]
    Property [ <default> protected $batchValidate ]
    Property [ <default> protected $beforeActionList ]
  }

  - Methods [22] {
    Method [ <user> protected method checkUser ] {
      @@ /var/www/buct/application/admin/controller/Common.php 20 - 28
    }

    Method [ <user> public method login ] {
      @@ /var/www/buct/application/admin/controller/Common.php 31 - 37
    }

    Method [ <user> public method loginFrame ] {
      @@ /var/www/buct/application/admin/controller/Common.php 40 - 42
    }

    Method [ <user> public method index ] {
      @@ /var/www/buct/application/admin/controller/Common.php 44 - 48
    }

    Method [ <user> public method logout ] {
      @@ /var/www/buct/application/admin/controller/Common.php 51 - 59
    }

    Method [ <user> public method checkLogin ] {
      @@ /var/www/buct/application/admin/controller/Common.php 62 - 120
    }

    Method [ <user> public method password ] {
      @@ /var/www/buct/application/admin/controller/Common.php 123 - 154
    }

    /**
     * 查看用户信息|修改资料
     */
    Method [ <user> public method profile ] {
      @@ /var/www/buct/application/admin/controller/Common.php 159 - 172
    }

    /**
     * 架构函数
     * @param Request $request Request对象
     * @access public
     */
    Method [ <user, inherits think\Controller, ctor> public method __construct ] {
      @@ /var/www/buct/thinkphp/library/think/Controller.php 44 - 63

      - Parameters [1] {
        Parameter #0 [ <optional> think\Request or NULL $request = NULL ]
      }
    }

    Method [ <user, inherits think\Controller> protected method _initialize ] {
      @@ /var/www/buct/thinkphp/library/think/Controller.php 66 - 68
    }

    /**
     * 前置操作
     * @access protected
     * @param string $method  前置操作方法名
     * @param array  $options 调用参数 ['only'=>[...]] 或者['except'=>[...]]
     */
    Method [ <user, inherits think\Controller> protected method beforeAction ] {
      @@ /var/www/buct/thinkphp/library/think/Controller.php 76 - 95

      - Parameters [2] {
        Parameter #0 [ <required> $method ]
        Parameter #1 [ <optional> $options = Array ]
      }
    }

    /**
     * 加载模板输出
     * @access protected
     * @param string $template 模板文件名
     * @param array  $vars     模板输出变量
     * @param array  $replace  模板替换
     * @param array  $config   模板参数
     * @return mixed
     */
    Method [ <user, inherits think\Controller> protected method fetch ] {
      @@ /var/www/buct/thinkphp/library/think/Controller.php 106 - 109

      - Parameters [4] {
        Parameter #0 [ <optional> $template = '' ]
        Parameter #1 [ <optional> $vars = Array ]
        Parameter #2 [ <optional> $replace = Array ]
        Parameter #3 [ <optional> $config = Array ]
      }
    }

    /**
     * 渲染内容输出
     * @access protected
     * @param string $content 模板内容
     * @param array  $vars    模板输出变量
     * @param array  $replace 替换内容
     * @param array  $config  模板参数
     * @return mixed
     */
    Method [ <user, inherits think\Controller> protected method display ] {
      @@ /var/www/buct/thinkphp/library/think/Controller.php 120 - 123

      - Parameters [4] {
        Parameter #0 [ <optional> $content = '' ]
        Parameter #1 [ <optional> $vars = Array ]
        Parameter #2 [ <optional> $replace = Array ]
        Parameter #3 [ <optional> $config = Array ]
      }
    }

    /**
     * 模板变量赋值
     * @access protected
     * @param mixed $name  要显示的模板变量
     * @param mixed $value 变量的值
     * @return void
     */
    Method [ <user, inherits think\Controller> protected method assign ] {
      @@ /var/www/buct/thinkphp/library/think/Controller.php 132 - 135

      - Parameters [2] {
        Parameter #0 [ <required> $name ]
        Parameter #1 [ <optional> $value = '' ]
      }
    }

    /**
     * 初始化模板引擎
     * @access protected
     * @param array|string $engine 引擎参数
     * @return void
     */
    Method [ <user, inherits think\Controller> protected method engine ] {
      @@ /var/www/buct/thinkphp/library/think/Controller.php 143 - 146

      - Parameters [1] {
        Parameter #0 [ <required> $engine ]
      }
    }

    /**
     * 设置验证失败后是否抛出异常
     * @access protected
     * @param bool $fail 是否抛出异常
     * @return $this
     */
    Method [ <user, inherits think\Controller> protected method validateFailException ] {
      @@ /var/www/buct/thinkphp/library/think/Controller.php 154 - 158

      - Parameters [1] {
        Parameter #0 [ <optional> $fail = true ]
      }
    }

    /**
     * 验证数据
     * @access protected
     * @param array        $data     数据
     * @param string|array $validate 验证器名或者验证规则数组
     * @param array        $message  提示信息
     * @param bool         $batch    是否批量验证
     * @param mixed        $callback 回调方法（闭包）
     * @return array|string|true
     * @throws ValidateException
     */
    Method [ <user, inherits think\Controller> protected method validate ] {
      @@ /var/www/buct/thinkphp/library/think/Controller.php 171 - 208

      - Parameters [5] {
        Parameter #0 [ <required> $data ]
        Parameter #1 [ <required> $validate ]
        Parameter #2 [ <optional> $message = Array ]
        Parameter #3 [ <optional> $batch = false ]
        Parameter #4 [ <optional> $callback = NULL ]
      }
    }

    /**
     * 操作成功跳转的快捷方法
     * @access protected
     * @param mixed     $msg 提示信息
     * @param string    $url 跳转的URL地址
     * @param mixed     $data 返回的数据
     * @param integer   $wait 跳转等待时间
     * @param array     $header 发送的Header信息
     * @return void
     */
    Method [ <user, inherits think\Controller> protected method success ] {
      @@ /var/www/buct/thinkphp/library/traits/controller/Jump.php 37 - 64

      - Parameters [5] {
        Parameter #0 [ <optional> $msg = '' ]
        Parameter #1 [ <optional> $url = NULL ]
        Parameter #2 [ <optional> $data = '' ]
        Parameter #3 [ <optional> $wait = 3 ]
        Parameter #4 [ <optional> array $header = Array ]
      }
    }

    /**
     * 操作错误跳转的快捷方法
     * @access protected
     * @param mixed     $msg 提示信息
     * @param string    $url 跳转的URL地址
     * @param mixed     $data 返回的数据
     * @param integer   $wait 跳转等待时间
     * @param array     $header 发送的Header信息
     * @return void
     */
    Method [ <user, inherits think\Controller> protected method error ] {
      @@ /var/www/buct/thinkphp/library/traits/controller/Jump.php 76 - 103

      - Parameters [5] {
        Parameter #0 [ <optional> $msg = '' ]
        Parameter #1 [ <optional> $url = NULL ]
        Parameter #2 [ <optional> $data = '' ]
        Parameter #3 [ <optional> $wait = 3 ]
        Parameter #4 [ <optional> array $header = Array ]
      }
    }

    /**
     * 返回封装后的API数据到客户端
     * @access protected
     * @param mixed     $data 要返回的数据
     * @param integer   $code 返回的code
     * @param mixed     $msg 提示信息
     * @param string    $type 返回数据格式
     * @param array     $header 发送的Header信息
     * @return void
     */
    Method [ <user, inherits think\Controller> protected method result ] {
      @@ /var/www/buct/thinkphp/library/traits/controller/Jump.php 115 - 126

      - Parameters [5] {
        Parameter #0 [ <required> $data ]
        Parameter #1 [ <optional> $code = 0 ]
        Parameter #2 [ <optional> $msg = '' ]
        Parameter #3 [ <optional> $type = '' ]
        Parameter #4 [ <optional> array $header = Array ]
      }
    }

    /**
     * URL重定向
     * @access protected
     * @param string         $url 跳转的URL表达式
     * @param array|integer  $params 其它URL参数
     * @param integer        $code http code
     * @return void
     */
    Method [ <user, inherits think\Controller> protected method redirect ] {
      @@ /var/www/buct/thinkphp/library/traits/controller/Jump.php 136 - 145

      - Parameters [3] {
        Parameter #0 [ <required> $url ]
        Parameter #1 [ <optional> $params = Array ]
        Parameter #2 [ <optional> $code = 302 ]
      }
    }

    /**
     * 获取当前的response 输出类型
     * @access protected
     * @return string
     */
    Method [ <user, inherits think\Controller> protected method getResponseType ] {
      @@ /var/www/buct/thinkphp/library/traits/controller/Jump.php 152 - 156
    }
  }
}

[ info ] [ RUN ] Method [ <user> public method login ] {
  @@ /var/www/buct/application/admin/controller/Common.php 31 - 37
}

[ info ] [ SESSION ] INIT array (
  'id' => '',
  'var_session_id' => '',
  'prefix' => 'think',
  'type' => '',
  'auto_start' => true,
)
[ info ] [ VIEW ] /var/www/buct/public/../application/admin/view/common/login.html [ array (
) ]
[ info ] [ LOG ] INIT File

---------------------------------------------------------------
[ 2016-12-17T10:03:59+08:00 ] 127.0.0.1 127.0.0.1 GET /captcha.html
[ log ] buct/captcha.html [运行时间：0.009188s][吞吐率：108.84req/s] [内存消耗：157.02kb] [文件加载：36]
[ info ] [ LANG ] /var/www/buct/thinkphp/lang/zh-cn.php
[ info ] [ ROUTE ] array (
  'type' => 'method',
  'method' => 
  array (
    0 => '\\think\\captcha\\CaptchaController',
    1 => 'index',
  ),
)
[ info ] [ HEADER ] array (
  'host' => 'buct',
  'connection' => 'keep-alive',
  'user-agent' => 'Mozilla/5.0 (X11; Linux x86_64) AppleWebKit/537.36 (KHTML, like Gecko) Chrome/54.0.2840.100 Safari/537.36',
  'accept' => 'image/webp,image/*,*/*;q=0.8',
  'referer' => 'http://buct/admin/common/login.html',
  'accept-encoding' => 'gzip, deflate, sdch',
  'accept-language' => 'zh-CN,zh;q=0.8',
  'cookie' => 'pgv_pvi=2379862016; pgv_si=s2344962048; thinkphp_show_page_trace=0|0; PHPSESSID=s4cu952o231dilkgg3dlnrngb6',
)
[ info ] [ PARAM ] array (
  'id' => NULL,
)
[ info ] [ RUN ] Method [ <user> public method index ] {
  @@ /var/www/buct/vendor/topthink/think-captcha/src/CaptchaController.php 18 - 22

  - Parameters [1] {
    Parameter #0 [ <optional> $id = '' ]
  }
}

[ info ] [ SESSION ] INIT array (
  'id' => '',
  'var_session_id' => '',
  'prefix' => 'think',
  'type' => '',
  'auto_start' => true,
)
[ info ] [ LOG ] INIT File

---------------------------------------------------------------
[ 2016-12-17T10:08:30+08:00 ] 127.0.0.1 127.0.0.1 POST /admin/common/checklogin.html
[ log ] buct/admin/common/checklogin.html [运行时间：0.015554s][吞吐率：64.29req/s] [内存消耗：333.93kb] [文件加载：55]
[ info ] [ LANG ] /var/www/buct/thinkphp/lang/zh-cn.php
[ info ] [ ROUTE ] array (
  'type' => 'module',
  'module' => 
  array (
    0 => 'admin',
    1 => 'common',
    2 => 'checklogin',
  ),
)
[ info ] [ HEADER ] array (
  'host' => 'buct',
  'connection' => 'keep-alive',
  'accept' => 'application/json, text/javascript, */*; q=0.01',
  'origin' => 'http://buct',
  'x-requested-with' => 'XMLHttpRequest',
  'user-agent' => 'Mozilla/5.0 (X11; Linux x86_64) AppleWebKit/537.36 (KHTML, like Gecko) Chrome/54.0.2840.100 Safari/537.36',
  'referer' => 'http://buct/admin/common/login.html',
  'accept-encoding' => 'gzip, deflate',
  'accept-language' => 'zh-CN,zh;q=0.8',
  'cookie' => 'thinkphp_show_page_trace=0|0; pgv_pvi=2379862016; pgv_si=s2344962048; thinkphp_show_page_trace=0|0; PHPSESSID=s4cu952o231dilkgg3dlnrngb6',
  'content-type' => 'application/x-www-form-urlencoded; charset=UTF-8',
  'content-length' => '42',
)
[ info ] [ PARAM ] array (
  'account' => '1225',
  'password' => '2565656',
  'captcha' => '4545',
)
[ info ] [ RUN ] Class [ <user> class app\admin\controller\Common extends think\Controller ] {
  @@ /var/www/buct/application/admin/controller/Common.php 18-173

  - Constants [0] {
  }

  - Static properties [0] {
  }

  - Static methods [0] {
  }

  - Properties [5] {
    Property [ <default> protected $view ]
    Property [ <default> protected $request ]
    Property [ <default> protected $failException ]
    Property [ <default> protected $batchValidate ]
    Property [ <default> protected $beforeActionList ]
  }

  - Methods [22] {
    Method [ <user> protected method checkUser ] {
      @@ /var/www/buct/application/admin/controller/Common.php 20 - 28
    }

    Method [ <user> public method login ] {
      @@ /var/www/buct/application/admin/controller/Common.php 31 - 37
    }

    Method [ <user> public method loginFrame ] {
      @@ /var/www/buct/application/admin/controller/Common.php 40 - 42
    }

    Method [ <user> public method index ] {
      @@ /var/www/buct/application/admin/controller/Common.php 44 - 48
    }

    Method [ <user> public method logout ] {
      @@ /var/www/buct/application/admin/controller/Common.php 51 - 59
    }

    Method [ <user> public method checkLogin ] {
      @@ /var/www/buct/application/admin/controller/Common.php 62 - 120
    }

    Method [ <user> public method password ] {
      @@ /var/www/buct/application/admin/controller/Common.php 123 - 154
    }

    /**
     * 查看用户信息|修改资料
     */
    Method [ <user> public method profile ] {
      @@ /var/www/buct/application/admin/controller/Common.php 159 - 172
    }

    /**
     * 架构函数
     * @param Request $request Request对象
     * @access public
     */
    Method [ <user, inherits think\Controller, ctor> public method __construct ] {
      @@ /var/www/buct/thinkphp/library/think/Controller.php 44 - 63

      - Parameters [1] {
        Parameter #0 [ <optional> think\Request or NULL $request = NULL ]
      }
    }

    Method [ <user, inherits think\Controller> protected method _initialize ] {
      @@ /var/www/buct/thinkphp/library/think/Controller.php 66 - 68
    }

    /**
     * 前置操作
     * @access protected
     * @param string $method  前置操作方法名
     * @param array  $options 调用参数 ['only'=>[...]] 或者['except'=>[...]]
     */
    Method [ <user, inherits think\Controller> protected method beforeAction ] {
      @@ /var/www/buct/thinkphp/library/think/Controller.php 76 - 95

      - Parameters [2] {
        Parameter #0 [ <required> $method ]
        Parameter #1 [ <optional> $options = Array ]
      }
    }

    /**
     * 加载模板输出
     * @access protected
     * @param string $template 模板文件名
     * @param array  $vars     模板输出变量
     * @param array  $replace  模板替换
     * @param array  $config   模板参数
     * @return mixed
     */
    Method [ <user, inherits think\Controller> protected method fetch ] {
      @@ /var/www/buct/thinkphp/library/think/Controller.php 106 - 109

      - Parameters [4] {
        Parameter #0 [ <optional> $template = '' ]
        Parameter #1 [ <optional> $vars = Array ]
        Parameter #2 [ <optional> $replace = Array ]
        Parameter #3 [ <optional> $config = Array ]
      }
    }

    /**
     * 渲染内容输出
     * @access protected
     * @param string $content 模板内容
     * @param array  $vars    模板输出变量
     * @param array  $replace 替换内容
     * @param array  $config  模板参数
     * @return mixed
     */
    Method [ <user, inherits think\Controller> protected method display ] {
      @@ /var/www/buct/thinkphp/library/think/Controller.php 120 - 123

      - Parameters [4] {
        Parameter #0 [ <optional> $content = '' ]
        Parameter #1 [ <optional> $vars = Array ]
        Parameter #2 [ <optional> $replace = Array ]
        Parameter #3 [ <optional> $config = Array ]
      }
    }

    /**
     * 模板变量赋值
     * @access protected
     * @param mixed $name  要显示的模板变量
     * @param mixed $value 变量的值
     * @return void
     */
    Method [ <user, inherits think\Controller> protected method assign ] {
      @@ /var/www/buct/thinkphp/library/think/Controller.php 132 - 135

      - Parameters [2] {
        Parameter #0 [ <required> $name ]
        Parameter #1 [ <optional> $value = '' ]
      }
    }

    /**
     * 初始化模板引擎
     * @access protected
     * @param array|string $engine 引擎参数
     * @return void
     */
    Method [ <user, inherits think\Controller> protected method engine ] {
      @@ /var/www/buct/thinkphp/library/think/Controller.php 143 - 146

      - Parameters [1] {
        Parameter #0 [ <required> $engine ]
      }
    }

    /**
     * 设置验证失败后是否抛出异常
     * @access protected
     * @param bool $fail 是否抛出异常
     * @return $this
     */
    Method [ <user, inherits think\Controller> protected method validateFailException ] {
      @@ /var/www/buct/thinkphp/library/think/Controller.php 154 - 158

      - Parameters [1] {
        Parameter #0 [ <optional> $fail = true ]
      }
    }

    /**
     * 验证数据
     * @access protected
     * @param array        $data     数据
     * @param string|array $validate 验证器名或者验证规则数组
     * @param array        $message  提示信息
     * @param bool         $batch    是否批量验证
     * @param mixed        $callback 回调方法（闭包）
     * @return array|string|true
     * @throws ValidateException
     */
    Method [ <user, inherits think\Controller> protected method validate ] {
      @@ /var/www/buct/thinkphp/library/think/Controller.php 171 - 208

      - Parameters [5] {
        Parameter #0 [ <required> $data ]
        Parameter #1 [ <required> $validate ]
        Parameter #2 [ <optional> $message = Array ]
        Parameter #3 [ <optional> $batch = false ]
        Parameter #4 [ <optional> $callback = NULL ]
      }
    }

    /**
     * 操作成功跳转的快捷方法
     * @access protected
     * @param mixed     $msg 提示信息
     * @param string    $url 跳转的URL地址
     * @param mixed     $data 返回的数据
     * @param integer   $wait 跳转等待时间
     * @param array     $header 发送的Header信息
     * @return void
     */
    Method [ <user, inherits think\Controller> protected method success ] {
      @@ /var/www/buct/thinkphp/library/traits/controller/Jump.php 37 - 64

      - Parameters [5] {
        Parameter #0 [ <optional> $msg = '' ]
        Parameter #1 [ <optional> $url = NULL ]
        Parameter #2 [ <optional> $data = '' ]
        Parameter #3 [ <optional> $wait = 3 ]
        Parameter #4 [ <optional> array $header = Array ]
      }
    }

    /**
     * 操作错误跳转的快捷方法
     * @access protected
     * @param mixed     $msg 提示信息
     * @param string    $url 跳转的URL地址
     * @param mixed     $data 返回的数据
     * @param integer   $wait 跳转等待时间
     * @param array     $header 发送的Header信息
     * @return void
     */
    Method [ <user, inherits think\Controller> protected method error ] {
      @@ /var/www/buct/thinkphp/library/traits/controller/Jump.php 76 - 103

      - Parameters [5] {
        Parameter #0 [ <optional> $msg = '' ]
        Parameter #1 [ <optional> $url = NULL ]
        Parameter #2 [ <optional> $data = '' ]
        Parameter #3 [ <optional> $wait = 3 ]
        Parameter #4 [ <optional> array $header = Array ]
      }
    }

    /**
     * 返回封装后的API数据到客户端
     * @access protected
     * @param mixed     $data 要返回的数据
     * @param integer   $code 返回的code
     * @param mixed     $msg 提示信息
     * @param string    $type 返回数据格式
     * @param array     $header 发送的Header信息
     * @return void
     */
    Method [ <user, inherits think\Controller> protected method result ] {
      @@ /var/www/buct/thinkphp/library/traits/controller/Jump.php 115 - 126

      - Parameters [5] {
        Parameter #0 [ <required> $data ]
        Parameter #1 [ <optional> $code = 0 ]
        Parameter #2 [ <optional> $msg = '' ]
        Parameter #3 [ <optional> $type = '' ]
        Parameter #4 [ <optional> array $header = Array ]
      }
    }

    /**
     * URL重定向
     * @access protected
     * @param string         $url 跳转的URL表达式
     * @param array|integer  $params 其它URL参数
     * @param integer        $code http code
     * @return void
     */
    Method [ <user, inherits think\Controller> protected method redirect ] {
      @@ /var/www/buct/thinkphp/library/traits/controller/Jump.php 136 - 145

      - Parameters [3] {
        Parameter #0 [ <required> $url ]
        Parameter #1 [ <optional> $params = Array ]
        Parameter #2 [ <optional> $code = 302 ]
      }
    }

    /**
     * 获取当前的response 输出类型
     * @access protected
     * @return string
     */
    Method [ <user, inherits think\Controller> protected method getResponseType ] {
      @@ /var/www/buct/thinkphp/library/traits/controller/Jump.php 152 - 156
    }
  }
}

[ info ] [ RUN ] Method [ <user> public method checkLogin ] {
  @@ /var/www/buct/application/admin/controller/Common.php 62 - 120
}

[ info ] [ DB ] INIT mysql
[ info ] [ LOG ] INIT File
[ sql ] [ DB ] CONNECT:[ UseTime:0.000748s ] mysql:dbname=tpadmin;host=127.0.0.1;port=3306;charset=utf8
[ sql ] [ SQL ] SHOW COLUMNS FROM `tp_admin_user` [ RunTime:0.001771s ]
[ sql ] [ SQL ] SELECT * FROM `tp_admin_user` WHERE  `account` = '1225'  AND `status` = 1 LIMIT 1     [ RunTime:0.000755s ]

---------------------------------------------------------------
[ 2016-12-17T10:08:37+08:00 ] 127.0.0.1 127.0.0.1 POST /admin/common/checklogin.html
[ log ] buct/admin/common/checklogin.html [运行时间：0.010268s][吞吐率：97.39req/s] [内存消耗：332.76kb] [文件加载：55]
[ info ] [ LANG ] /var/www/buct/thinkphp/lang/zh-cn.php
[ info ] [ ROUTE ] array (
  'type' => 'module',
  'module' => 
  array (
    0 => 'admin',
    1 => 'common',
    2 => 'checklogin',
  ),
)
[ info ] [ HEADER ] array (
  'host' => 'buct',
  'connection' => 'keep-alive',
  'accept' => 'application/json, text/javascript, */*; q=0.01',
  'origin' => 'http://buct',
  'x-requested-with' => 'XMLHttpRequest',
  'user-agent' => 'Mozilla/5.0 (X11; Linux x86_64) AppleWebKit/537.36 (KHTML, like Gecko) Chrome/54.0.2840.100 Safari/537.36',
  'referer' => 'http://buct/admin/common/login.html',
  'accept-encoding' => 'gzip, deflate',
  'accept-language' => 'zh-CN,zh;q=0.8',
  'cookie' => 'thinkphp_show_page_trace=0|0; pgv_pvi=2379862016; pgv_si=s2344962048; thinkphp_show_page_trace=0|0; PHPSESSID=s4cu952o231dilkgg3dlnrngb6',
  'content-type' => 'application/x-www-form-urlencoded; charset=UTF-8',
  'content-length' => '42',
)
[ info ] [ PARAM ] array (
  'account' => '1225',
  'password' => '2565656',
  'captcha' => '4545',
)
[ info ] [ RUN ] Class [ <user> class app\admin\controller\Common extends think\Controller ] {
  @@ /var/www/buct/application/admin/controller/Common.php 18-173

  - Constants [0] {
  }

  - Static properties [0] {
  }

  - Static methods [0] {
  }

  - Properties [5] {
    Property [ <default> protected $view ]
    Property [ <default> protected $request ]
    Property [ <default> protected $failException ]
    Property [ <default> protected $batchValidate ]
    Property [ <default> protected $beforeActionList ]
  }

  - Methods [22] {
    Method [ <user> protected method checkUser ] {
      @@ /var/www/buct/application/admin/controller/Common.php 20 - 28
    }

    Method [ <user> public method login ] {
      @@ /var/www/buct/application/admin/controller/Common.php 31 - 37
    }

    Method [ <user> public method loginFrame ] {
      @@ /var/www/buct/application/admin/controller/Common.php 40 - 42
    }

    Method [ <user> public method index ] {
      @@ /var/www/buct/application/admin/controller/Common.php 44 - 48
    }

    Method [ <user> public method logout ] {
      @@ /var/www/buct/application/admin/controller/Common.php 51 - 59
    }

    Method [ <user> public method checkLogin ] {
      @@ /var/www/buct/application/admin/controller/Common.php 62 - 120
    }

    Method [ <user> public method password ] {
      @@ /var/www/buct/application/admin/controller/Common.php 123 - 154
    }

    /**
     * 查看用户信息|修改资料
     */
    Method [ <user> public method profile ] {
      @@ /var/www/buct/application/admin/controller/Common.php 159 - 172
    }

    /**
     * 架构函数
     * @param Request $request Request对象
     * @access public
     */
    Method [ <user, inherits think\Controller, ctor> public method __construct ] {
      @@ /var/www/buct/thinkphp/library/think/Controller.php 44 - 63

      - Parameters [1] {
        Parameter #0 [ <optional> think\Request or NULL $request = NULL ]
      }
    }

    Method [ <user, inherits think\Controller> protected method _initialize ] {
      @@ /var/www/buct/thinkphp/library/think/Controller.php 66 - 68
    }

    /**
     * 前置操作
     * @access protected
     * @param string $method  前置操作方法名
     * @param array  $options 调用参数 ['only'=>[...]] 或者['except'=>[...]]
     */
    Method [ <user, inherits think\Controller> protected method beforeAction ] {
      @@ /var/www/buct/thinkphp/library/think/Controller.php 76 - 95

      - Parameters [2] {
        Parameter #0 [ <required> $method ]
        Parameter #1 [ <optional> $options = Array ]
      }
    }

    /**
     * 加载模板输出
     * @access protected
     * @param string $template 模板文件名
     * @param array  $vars     模板输出变量
     * @param array  $replace  模板替换
     * @param array  $config   模板参数
     * @return mixed
     */
    Method [ <user, inherits think\Controller> protected method fetch ] {
      @@ /var/www/buct/thinkphp/library/think/Controller.php 106 - 109

      - Parameters [4] {
        Parameter #0 [ <optional> $template = '' ]
        Parameter #1 [ <optional> $vars = Array ]
        Parameter #2 [ <optional> $replace = Array ]
        Parameter #3 [ <optional> $config = Array ]
      }
    }

    /**
     * 渲染内容输出
     * @access protected
     * @param string $content 模板内容
     * @param array  $vars    模板输出变量
     * @param array  $replace 替换内容
     * @param array  $config  模板参数
     * @return mixed
     */
    Method [ <user, inherits think\Controller> protected method display ] {
      @@ /var/www/buct/thinkphp/library/think/Controller.php 120 - 123

      - Parameters [4] {
        Parameter #0 [ <optional> $content = '' ]
        Parameter #1 [ <optional> $vars = Array ]
        Parameter #2 [ <optional> $replace = Array ]
        Parameter #3 [ <optional> $config = Array ]
      }
    }

    /**
     * 模板变量赋值
     * @access protected
     * @param mixed $name  要显示的模板变量
     * @param mixed $value 变量的值
     * @return void
     */
    Method [ <user, inherits think\Controller> protected method assign ] {
      @@ /var/www/buct/thinkphp/library/think/Controller.php 132 - 135

      - Parameters [2] {
        Parameter #0 [ <required> $name ]
        Parameter #1 [ <optional> $value = '' ]
      }
    }

    /**
     * 初始化模板引擎
     * @access protected
     * @param array|string $engine 引擎参数
     * @return void
     */
    Method [ <user, inherits think\Controller> protected method engine ] {
      @@ /var/www/buct/thinkphp/library/think/Controller.php 143 - 146

      - Parameters [1] {
        Parameter #0 [ <required> $engine ]
      }
    }

    /**
     * 设置验证失败后是否抛出异常
     * @access protected
     * @param bool $fail 是否抛出异常
     * @return $this
     */
    Method [ <user, inherits think\Controller> protected method validateFailException ] {
      @@ /var/www/buct/thinkphp/library/think/Controller.php 154 - 158

      - Parameters [1] {
        Parameter #0 [ <optional> $fail = true ]
      }
    }

    /**
     * 验证数据
     * @access protected
     * @param array        $data     数据
     * @param string|array $validate 验证器名或者验证规则数组
     * @param array        $message  提示信息
     * @param bool         $batch    是否批量验证
     * @param mixed        $callback 回调方法（闭包）
     * @return array|string|true
     * @throws ValidateException
     */
    Method [ <user, inherits think\Controller> protected method validate ] {
      @@ /var/www/buct/thinkphp/library/think/Controller.php 171 - 208

      - Parameters [5] {
        Parameter #0 [ <required> $data ]
        Parameter #1 [ <required> $validate ]
        Parameter #2 [ <optional> $message = Array ]
        Parameter #3 [ <optional> $batch = false ]
        Parameter #4 [ <optional> $callback = NULL ]
      }
    }

    /**
     * 操作成功跳转的快捷方法
     * @access protected
     * @param mixed     $msg 提示信息
     * @param string    $url 跳转的URL地址
     * @param mixed     $data 返回的数据
     * @param integer   $wait 跳转等待时间
     * @param array     $header 发送的Header信息
     * @return void
     */
    Method [ <user, inherits think\Controller> protected method success ] {
      @@ /var/www/buct/thinkphp/library/traits/controller/Jump.php 37 - 64

      - Parameters [5] {
        Parameter #0 [ <optional> $msg = '' ]
        Parameter #1 [ <optional> $url = NULL ]
        Parameter #2 [ <optional> $data = '' ]
        Parameter #3 [ <optional> $wait = 3 ]
        Parameter #4 [ <optional> array $header = Array ]
      }
    }

    /**
     * 操作错误跳转的快捷方法
     * @access protected
     * @param mixed     $msg 提示信息
     * @param string    $url 跳转的URL地址
     * @param mixed     $data 返回的数据
     * @param integer   $wait 跳转等待时间
     * @param array     $header 发送的Header信息
     * @return void
     */
    Method [ <user, inherits think\Controller> protected method error ] {
      @@ /var/www/buct/thinkphp/library/traits/controller/Jump.php 76 - 103

      - Parameters [5] {
        Parameter #0 [ <optional> $msg = '' ]
        Parameter #1 [ <optional> $url = NULL ]
        Parameter #2 [ <optional> $data = '' ]
        Parameter #3 [ <optional> $wait = 3 ]
        Parameter #4 [ <optional> array $header = Array ]
      }
    }

    /**
     * 返回封装后的API数据到客户端
     * @access protected
     * @param mixed     $data 要返回的数据
     * @param integer   $code 返回的code
     * @param mixed     $msg 提示信息
     * @param string    $type 返回数据格式
     * @param array     $header 发送的Header信息
     * @return void
     */
    Method [ <user, inherits think\Controller> protected method result ] {
      @@ /var/www/buct/thinkphp/library/traits/controller/Jump.php 115 - 126

      - Parameters [5] {
        Parameter #0 [ <required> $data ]
        Parameter #1 [ <optional> $code = 0 ]
        Parameter #2 [ <optional> $msg = '' ]
        Parameter #3 [ <optional> $type = '' ]
        Parameter #4 [ <optional> array $header = Array ]
      }
    }

    /**
     * URL重定向
     * @access protected
     * @param string         $url 跳转的URL表达式
     * @param array|integer  $params 其它URL参数
     * @param integer        $code http code
     * @return void
     */
    Method [ <user, inherits think\Controller> protected method redirect ] {
      @@ /var/www/buct/thinkphp/library/traits/controller/Jump.php 136 - 145

      - Parameters [3] {
        Parameter #0 [ <required> $url ]
        Parameter #1 [ <optional> $params = Array ]
        Parameter #2 [ <optional> $code = 302 ]
      }
    }

    /**
     * 获取当前的response 输出类型
     * @access protected
     * @return string
     */
    Method [ <user, inherits think\Controller> protected method getResponseType ] {
      @@ /var/www/buct/thinkphp/library/traits/controller/Jump.php 152 - 156
    }
  }
}

[ info ] [ RUN ] Method [ <user> public method checkLogin ] {
  @@ /var/www/buct/application/admin/controller/Common.php 62 - 120
}

[ info ] [ DB ] INIT mysql
[ info ] [ LOG ] INIT File
[ sql ] [ DB ] CONNECT:[ UseTime:0.000544s ] mysql:dbname=tpadmin;host=127.0.0.1;port=3306;charset=utf8
[ sql ] [ SQL ] SHOW COLUMNS FROM `tp_admin_user` [ RunTime:0.000843s ]
[ sql ] [ SQL ] SELECT * FROM `tp_admin_user` WHERE  `account` = '1225'  AND `status` = 1 LIMIT 1     [ RunTime:0.000459s ]

---------------------------------------------------------------
